<?xml version="1.0" encoding="UTF-8"?>
<!-- Generated by org.testng.reporters.JUnitReportReporter -->
<testsuite skipped="0" hostname="LT-FORT-7317C2R" name="package1.Class1" tests="1" failures="0" timestamp="30 Aug 2019 13:16:31 GMT" time="0.005" errors="0">
  <testcase name="testjenkins" time="0.005" classname="package1.Class1"/>
</testsuite> <!-- package1.Class1 -->
