<?xml version="1.0" encoding="UTF-8"?>
<!-- Generated by org.testng.reporters.JUnitReportReporter -->
<testsuite hostname="LT-FORT-7317C2R" failures="0" tests="1" name="package1.Test1" time="10.309" errors="0" timestamp="30 Aug 2019 14:09:31 GMT" skipped="0">
  <testcase classname="package1.Test1" name="testjenkins" time="10.309"/>
</testsuite> <!-- package1.Test1 -->
