<?xml version="1.0" encoding="UTF-8"?>
<!-- Generated by org.testng.reporters.JUnitReportReporter -->
<testsuite hostname="LT-FORT-7317C2R" failures="0" tests="1" name="Ch1" time="11.153" errors="0" timestamp="31 Aug 2019 05:54:01 GMT" skipped="0">
  <testcase classname="Ch1" name="testjenkins" time="11.153"/>
</testsuite> <!-- Ch1 -->
